Flutter crash report.
Please report a bug at https://github.com/flutter/flutter/issues.

## command

flutter run -d chrome --web-hostname localhost --web-port 3003

## exception

PathAccessException: PathAccessException: Deletion failed, path = 'build\89a6598c8854ed031dfc25d83c80860e.cache.dill.track.dill' (OS Error: Le processus ne peut pas accéder au fichier car ce fichier est utilisé par un autre processus, errno = 32)

```
#0      _Directory._deleteSync (dart:io/directory_impl.dart:216:7)
#1      FileSystemEntity.deleteSync (dart:io/file_system_entity.dart:425:7)
#2      _File._deleteSync (dart:io/file_impl.dart:361:50)
#3      FileSystemEntity.deleteSync (dart:io/file_system_entity.dart:425:7)
#4      ForwardingFileSystemEntity.deleteSync (package:file/src/forwarding/forwarding_file_system_entity.dart:70:16)
#5      ForwardingFileSystemEntity.deleteSync (package:file/src/forwarding/forwarding_file_system_entity.dart:70:16)
#6      ErrorHandlingFileSystem.deleteIfExists (package:flutter_tools/src/base/error_handling_io.dart:90:14)
#7      ErrorHandlingFile.copySync.<anonymous closure> (package:flutter_tools/src/base/error_handling_io.dart:330:35)
#8      _runSync (package:flutter_tools/src/base/error_handling_io.dart:552:14)
#9      ErrorHandlingFile.copySync (package:flutter_tools/src/base/error_handling_io.dart:313:5)
#10     ResidentRunner.cacheInitialDillCompilation (package:flutter_tools/src/resident_runner.dart:1319:18)
#11     ResidentWebRunner.run.<anonymous closure> (package:flutter_tools/src/isolated/resident_web_runner.dart:341:11)
<asynchronous suspension>
#12     asyncGuard.<anonymous closure> (package:flutter_tools/src/base/async_guard.dart:108:24)
<asynchronous suspension>
```

## flutter doctor

```
[32m[✓][39m Flutter (Channel stable, 3.41.9, on Microsoft Windows [version 10.0.26200.8457], locale fr-FR) [197ms]
    [32m•[39m Flutter version 3.41.9 on channel stable at C:\flutter_mobile
    [32m•[39m Upstream repository https://github.com/flutter/flutter.git
    [32m•[39m Framework revision 00b0c91f06 (3 weeks ago), 2026-04-29 10:03:19 -0700
    [32m•[39m Engine revision 42d3d75a56
    [32m•[39m Dart version 3.11.5
    [32m•[39m DevTools version 2.54.2
    [32m•[39m Feature flags: enable-web, enable-linux-desktop, enable-macos-desktop, enable-windows-desktop, enable-android, enable-ios, cli-animations, enable-native-assets, omit-legacy-version-file, enable-lldb-debugging,
      enable-uiscene-migration

[32m[✓][39m Windows Version (11 Famille 64-bit, 25H2, 2009) [927ms]

[32m[✓][39m Android toolchain - develop for Android devices (Android SDK version 35.0.0) [2,8s]
    [32m•[39m Android SDK at C:\Android
    [32m•[39m Emulator version unknown
    [32m•[39m Platform android-36, build-tools 35.0.0
    [32m•[39m Java binary at: C:\Users\nejii\.jdks\ms-17.0.17\bin\java
      This JDK is specified in your Flutter configuration.
      To change the current JDK, run: `flutter config --jdk-dir="path/to/jdk"`.
    [32m•[39m Java version OpenJDK Runtime Environment Microsoft-12574423 (build 17.0.17+10-LTS)
    [32m•[39m All Android licenses accepted.

[32m[✓][39m Chrome - develop for the web [92ms]
    [32m•[39m Chrome at C:\Program Files\Google\Chrome\Application\chrome.exe

[31m[✗][39m Visual Studio - develop Windows apps [92ms]
    [31m✗[39m Visual Studio not installed; this is necessary to develop Windows apps.
      Download at https://visualstudio.microsoft.com/downloads/.
      Please install the "Desktop development with C++" workload, including all of its default components

[32m[✓][39m Connected device (4 available) [349ms]
    [32m•[39m sdk gphone16k x86 64 (mobile) • emulator-5554 • android-x64    • Android 17 (API 37) (emulator)
    [32m•[39m Windows (desktop)             • windows       • windows-x64    • Microsoft Windows [version 10.0.26200.8457]
    [32m•[39m Chrome (web)                  • chrome        • web-javascript • Google Chrome 147.0.7727.56
    [32m•[39m Edge (web)                    • edge          • web-javascript • Microsoft Edge 148.0.3967.70

[32m[✓][39m Network resources [672ms]
    [32m•[39m All expected network resources are available.

[33m![39m Doctor found issues in 1 category.
```
