#
# There is insufficient memory for the Java Runtime Environment to continue.
# Native memory allocation (malloc) failed to allocate 61616 bytes. Error detail: Chunk::new
# Possible reasons:
#   The system is out of physical RAM or swap space
#   This process is running with CompressedOops enabled, and the Java Heap may be blocking the growth of the native heap
# Possible solutions:
#   Reduce memory load on the system
#   Increase physical memory or swap space
#   Check if swap backing store is full
#   Decrease Java heap size (-Xmx/-Xms)
#   Decrease number of Java threads
#   Decrease Java thread stack sizes (-Xss)
#   Set larger code cache with -XX:ReservedCodeCacheSize=
#   JVM is running with Zero Based Compressed Oops mode in which the Java heap is
#     placed in the first 32GB address space. The Java Heap base address is the
#     maximum limit for the native heap growth. Please use -XX:HeapBaseMinAddress
#     to set the Java Heap base and to place the Java Heap above 32GB virtual address.
# This output file may be truncated or incomplete.
#
#  Out of Memory Error (arena.cpp:168), pid=12744, tid=11800
#
# JRE version: OpenJDK Runtime Environment Temurin-21.0.10+7 (21.0.10+7) (build 21.0.10+7-LTS)
# Java VM: OpenJDK 64-Bit Server VM Temurin-21.0.10+7 (21.0.10+7-LTS, mixed mode, sharing, tiered, compressed oops, compressed class ptrs, g1 gc, windows-amd64)
# No core dump will be written. Minidumps are not enabled by default on client versions of Windows
#

---------------  S U M M A R Y ------------

Command Line: -XX:MaxMetaspaceSize=2G -XX:+HeapDumpOnOutOfMemoryError --add-opens=java.base/java.util=ALL-UNNAMED --add-opens=java.base/java.lang=ALL-UNNAMED --add-opens=java.base/java.lang.invoke=ALL-UNNAMED --add-opens=java.prefs/java.util.prefs=ALL-UNNAMED --add-opens=java.base/java.nio.charset=ALL-UNNAMED --add-opens=java.base/java.net=ALL-UNNAMED --add-opens=java.base/java.util.concurrent.atomic=ALL-UNNAMED -Xmx4G -Dfile.encoding=utf8 -Duser.country=FR -Duser.language=fr -Duser.variant -javaagent:C:\Users\nejii\.gradle\wrapper\dists\gradle-8.3-all\6en3ugtfdg5xnpx44z4qbwgas\gradle-8.3\lib\agents\gradle-instrumentation-agent-8.3.jar org.gradle.launcher.daemon.bootstrap.GradleDaemon 8.3

Host: 12th Gen Intel(R) Core(TM) i7-12650H, 16 cores, 15G,  Windows 11 , 64 bit Build 26100 (10.0.26100.8521)
Time: Mon Jun  1 16:11:57 2026 Afr. centrale Ouest elapsed time: 18.079501 seconds (0d 0h 0m 18s)

---------------  T H R E A D  ---------------

Current thread (0x000001cefebd9cf0):  JavaThread "C2 CompilerThread2" daemon [_thread_in_native, id=11800, stack(0x000000a262000000,0x000000a262100000) (1024K)]


Current CompileTask:
C2:18079 8908   !   4       org.jetbrains.kotlin.metadata.jvm.JvmProtoBuf$JvmMethodSignature$Builder::mergeFrom (60 bytes)

Stack: [0x000000a262000000,0x000000a262100000]
Native frames: (J=compiled Java code, j=interpreted, Vv=VM code, C=native code)
V  [jvm.dll+0x6d7a39]
V  [jvm.dll+0x8b4b26]
V  [jvm.dll+0x8b70de]
V  [jvm.dll+0x8b77c3]
V  [jvm.dll+0x284346]
V  [jvm.dll+0xc66ed]
V  [jvm.dll+0xc6c31]
V  [jvm.dll+0x5def89]
V  [jvm.dll+0x38b191]
V  [jvm.dll+0x38a5aa]
V  [jvm.dll+0x24c560]
V  [jvm.dll+0x24bb40]
V  [jvm.dll+0x1cb34e]
V  [jvm.dll+0x25b85d]
V  [jvm.dll+0x259dea]
V  [jvm.dll+0x3f857e]
V  [jvm.dll+0x85f59d]
V  [jvm.dll+0x6d626d]
C  [ucrtbase.dll+0x2cd30]
C  [KERNEL32.DLL+0x2e957]
C  [ntdll.dll+0x87c1c]


---------------  P R O C E S S  ---------------

Threads class SMR info:
_java_thread_list=0x000001ced08980a0, length=44, elements={
0x000001ceee2f9980, 0x000001cef9259030, 0x000001cef9259a90, 0x000001cef925cd20,
0x000001cef925dff0, 0x000001cefe0014b0, 0x000001cefe006620, 0x000001cefe0113f0,
0x000001cefe0263e0, 0x000001cef9227940, 0x000001cefe359bd0, 0x000001cefe335740,
0x000001ceffb1df50, 0x000001cefee70b00, 0x000001ced007c310, 0x000001ced0172830,
0x000001ceff83a570, 0x000001ceff9e68e0, 0x000001ceff9e6f50, 0x000001ceff1d9e70,
0x000001ceff1db8b0, 0x000001ceff1dbf40, 0x000001ceff1dc5d0, 0x000001ceff1da500,
0x000001ceff1db220, 0x000001ceff1d97e0, 0x000001ceff1dcc60, 0x000001ced2fc5ef0,
0x000001ced2fc3e20, 0x000001ced2fc44b0, 0x000001ced2fc4b40, 0x000001ced2fc51d0,
0x000001ced2fc5860, 0x000001ced2fc6580, 0x000001ced2fc3100, 0x000001ced2fc3790,
0x000001ced1d4e9c0, 0x000001ced1d4dc20, 0x000001ced323d4b0, 0x000001ced3240fc0,
0x000001ced32402a0, 0x000001ced4327aa0, 0x000001ced3242370, 0x000001cefebd9cf0
}

Java Threads: ( => current thread )
  0x000001ceee2f9980 JavaThread "main"                              [_thread_blocked, id=31052, stack(0x000000a25e000000,0x000000a25e100000) (1024K)]
  0x000001cef9259030 JavaThread "Reference Handler"          daemon [_thread_blocked, id=13120, stack(0x000000a25e800000,0x000000a25e900000) (1024K)]
  0x000001cef9259a90 JavaThread "Finalizer"                  daemon [_thread_blocked, id=7124, stack(0x000000a25e900000,0x000000a25ea00000) (1024K)]
  0x000001cef925cd20 JavaThread "Signal Dispatcher"          daemon [_thread_blocked, id=15988, stack(0x000000a25ea00000,0x000000a25eb00000) (1024K)]
  0x000001cef925dff0 JavaThread "Attach Listener"            daemon [_thread_blocked, id=18192, stack(0x000000a25eb00000,0x000000a25ec00000) (1024K)]
  0x000001cefe0014b0 JavaThread "Service Thread"             daemon [_thread_blocked, id=14916, stack(0x000000a25ec00000,0x000000a25ed00000) (1024K)]
  0x000001cefe006620 JavaThread "Monitor Deflation Thread"   daemon [_thread_blocked, id=18588, stack(0x000000a25ed00000,0x000000a25ee00000) (1024K)]
  0x000001cefe0113f0 JavaThread "C2 CompilerThread0"         daemon [_thread_in_native, id=23716, stack(0x000000a25ee00000,0x000000a25ef00000) (1024K)]
  0x000001cefe0263e0 JavaThread "C1 CompilerThread0"         daemon [_thread_blocked, id=18704, stack(0x000000a25ef00000,0x000000a25f000000) (1024K)]
  0x000001cef9227940 JavaThread "C1 CompilerThread1"         daemon [_thread_blocked, id=11124, stack(0x000000a25f000000,0x000000a25f100000) (1024K)]
  0x000001cefe359bd0 JavaThread "Common-Cleaner"             daemon [_thread_blocked, id=12256, stack(0x000000a25f200000,0x000000a25f300000) (1024K)]
  0x000001cefe335740 JavaThread "Notification Thread"        daemon [_thread_blocked, id=23724, stack(0x000000a25f300000,0x000000a25f400000) (1024K)]
  0x000001ceffb1df50 JavaThread "Daemon health stats"               [_thread_blocked, id=29652, stack(0x000000a25fc00000,0x000000a25fd00000) (1024K)]
  0x000001cefee70b00 JavaThread "Incoming local TCP Connector on port 62769"        [_thread_in_native, id=13460, stack(0x000000a25fd00000,0x000000a25fe00000) (1024K)]
  0x000001ced007c310 JavaThread "Daemon periodic checks"            [_thread_blocked, id=25224, stack(0x000000a25fe00000,0x000000a25ff00000) (1024K)]
  0x000001ced0172830 JavaThread "Daemon"                            [_thread_blocked, id=31072, stack(0x000000a25ff00000,0x000000a260000000) (1024K)]
  0x000001ceff83a570 JavaThread "Handler for socket connection from /127.0.0.1:62769 to /127.0.0.1:62770"        [_thread_in_native, id=25380, stack(0x000000a260000000,0x000000a260100000) (1024K)]
  0x000001ceff9e68e0 JavaThread "Cancel handler"                    [_thread_blocked, id=16484, stack(0x000000a260100000,0x000000a260200000) (1024K)]
  0x000001ceff9e6f50 JavaThread "Daemon worker"                     [_thread_in_Java, id=14300, stack(0x000000a260200000,0x000000a260300000) (1024K)]
  0x000001ceff1d9e70 JavaThread "Asynchronous log dispatcher for DefaultDaemonConnection: socket connection from /127.0.0.1:62769 to /127.0.0.1:62770"        [_thread_blocked, id=11000, stack(0x000000a260300000,0x000000a260400000) (1024K)]
  0x000001ceff1db8b0 JavaThread "Stdin handler"                     [_thread_blocked, id=19492, stack(0x000000a260400000,0x000000a260500000) (1024K)]
  0x000001ceff1dbf40 JavaThread "Daemon client event forwarder"        [_thread_blocked, id=27740, stack(0x000000a260500000,0x000000a260600000) (1024K)]
  0x000001ceff1dc5d0 JavaThread "Cache worker for journal cache (C:\Users\nejii\.gradle\caches\journal-1)"        [_thread_blocked, id=21844, stack(0x000000a260600000,0x000000a260700000) (1024K)]
  0x000001ceff1da500 JavaThread "File lock request listener"        [_thread_in_native, id=27280, stack(0x000000a260700000,0x000000a260800000) (1024K)]
  0x000001ceff1db220 JavaThread "Cache worker for file hash cache (C:\Users\nejii\.gradle\caches\8.3\fileHashes)"        [_thread_blocked, id=28924, stack(0x000000a260800000,0x000000a260900000) (1024K)]
  0x000001ceff1d97e0 JavaThread "File watcher server"        daemon [_thread_in_native, id=6672, stack(0x000000a260900000,0x000000a260a00000) (1024K)]
  0x000001ceff1dcc60 JavaThread "File watcher consumer"      daemon [_thread_blocked, id=26568, stack(0x000000a260a00000,0x000000a260b00000) (1024K)]
  0x000001ced2fc5ef0 JavaThread "Cache worker for checksums cache (C:\Users\nejii\Desktop\PiProject\PiProject\construction-dashboard-develop\construction-dashboard-develop\android\.gradle\8.3\checksums)"        [_thread_blocked, id=12476, stack(0x000000a261400000,0x000000a261500000) (1024K)]
  0x000001ced2fc3e20 JavaThread "Cache worker for file hash cache (C:\Users\nejii\Desktop\PiProject\PiProject\construction-dashboard-develop\construction-dashboard-develop\android\.gradle\8.3\fileHashes)"        [_thread_blocked, id=22124, stack(0x000000a261500000,0x000000a261600000) (1024K)]
  0x000001ced2fc44b0 JavaThread "Cache worker for cache directory md-supplier (C:\Users\nejii\.gradle\caches\8.3\md-supplier)"        [_thread_blocked, id=25620, stack(0x000000a261600000,0x000000a261700000) (1024K)]
  0x000001ced2fc4b40 JavaThread "Cache worker for file content cache (C:\Users\nejii\.gradle\caches\8.3\fileContent)"        [_thread_blocked, id=26060, stack(0x000000a261700000,0x000000a261800000) (1024K)]
  0x000001ced2fc51d0 JavaThread "Cache worker for cache directory md-rule (C:\Users\nejii\.gradle\caches\8.3\md-rule)"        [_thread_blocked, id=19564, stack(0x000000a261800000,0x000000a261900000) (1024K)]
  0x000001ced2fc5860 JavaThread "Cache worker for execution history cache (C:\Users\nejii\.gradle\caches\8.3\executionHistory)"        [_thread_blocked, id=13540, stack(0x000000a261900000,0x000000a261a00000) (1024K)]
  0x000001ced2fc6580 JavaThread "File lock release action executor"        [_thread_blocked, id=12712, stack(0x000000a25f400000,0x000000a25f500000) (1024K)]
  0x000001ced2fc3100 JavaThread "jar transforms"                    [_thread_blocked, id=13240, stack(0x000000a25f100000,0x000000a25f200000) (1024K)]
  0x000001ced2fc3790 JavaThread "Cache worker for kotlin-dsl (C:\Users\nejii\.gradle\caches\8.3\kotlin-dsl)"        [_thread_blocked, id=24356, stack(0x000000a25fb00000,0x000000a25fc00000) (1024K)]
  0x000001ced1d4e9c0 JavaThread "C1 CompilerThread2"         daemon [_thread_blocked, id=8444, stack(0x000000a25f500000,0x000000a25f600000) (1024K)]
  0x000001ced1d4dc20 JavaThread "C1 CompilerThread3"         daemon [_thread_blocked, id=30200, stack(0x000000a261a00000,0x000000a261b00000) (1024K)]
  0x000001ced323d4b0 JavaThread "jar transforms Thread 2"           [_thread_blocked, id=10924, stack(0x000000a261b00000,0x000000a261c00000) (1024K)]
  0x000001ced3240fc0 JavaThread "jar transforms Thread 3"           [_thread_blocked, id=23888, stack(0x000000a261c00000,0x000000a261d00000) (1024K)]
  0x000001ced32402a0 JavaThread "Cache worker for dependencies-accessors (C:\Users\nejii\Desktop\PiProject\PiProject\construction-dashboard-develop\construction-dashboard-develop\android\.gradle\8.3\dependencies-accessors)"        [_thread_blocked, id=9800, stack(0x000000a261d00000,0x000000a261e00000) (1024K)]
  0x000001ced4327aa0 JavaThread "C2 CompilerThread1"         daemon [_thread_blocked, id=24572, stack(0x000000a261e00000,0x000000a261f00000) (1024K)]
  0x000001ced3242370 JavaThread "Cache worker for Build Output Cleanup Cache (C:\flutter_mobile\packages\flutter_tools\gradle\.gradle\buildOutputCleanup)"        [_thread_blocked, id=10552, stack(0x000000a261f00000,0x000000a262000000) (1024K)]
=>0x000001cefebd9cf0 JavaThread "C2 CompilerThread2"         daemon [_thread_in_native, id=11800, stack(0x000000a262000000,0x000000a262100000) (1024K)]
Total: 44

Other Threads:
  0x000001cef9235f10 VMThread "VM Thread"                           [id=23380, stack(0x000000a25e700000,0x000000a25e800000) (1024K)]
  0x000001cef92269e0 WatcherThread "VM Periodic Task Thread"        [id=29624, stack(0x000000a25e600000,0x000000a25e700000) (1024K)]
  0x000001ceee362b00 WorkerThread "GC Thread#0"                     [id=28688, stack(0x000000a25e100000,0x000000a25e200000) (1024K)]
  0x000001cefec53a40 WorkerThread "GC Thread#1"                     [id=3672, stack(0x000000a25f600000,0x000000a25f700000) (1024K)]
  0x000001cefee8bfd0 WorkerThread "GC Thread#2"                     [id=13900, stack(0x000000a25f700000,0x000000a25f800000) (1024K)]
  0x000001cefee8c380 WorkerThread "GC Thread#3"                     [id=28348, stack(0x000000a25f800000,0x000000a25f900000) (1024K)]
  0x000001cefee8cf40 WorkerThread "GC Thread#4"                     [id=10252, stack(0x000000a25f900000,0x000000a25fa00000) (1024K)]
  0x000001cefeba2360 WorkerThread "GC Thread#5"                     [id=20916, stack(0x000000a25fa00000,0x000000a25fb00000) (1024K)]
  0x000001ced1277920 WorkerThread "GC Thread#6"                     [id=29812, stack(0x000000a260b00000,0x000000a260c00000) (1024K)]
  0x000001ced1277cd0 WorkerThread "GC Thread#7"                     [id=11604, stack(0x000000a260c00000,0x000000a260d00000) (1024K)]
  0x000001ced1278080 WorkerThread "GC Thread#8"                     [id=14096, stack(0x000000a260d00000,0x000000a260e00000) (1024K)]
  0x000001ced2e6abe0 WorkerThread "GC Thread#9"                     [id=27184, stack(0x000000a260e00000,0x000000a260f00000) (1024K)]
  0x000001ced2e68700 WorkerThread "GC Thread#10"                    [id=28608, stack(0x000000a260f00000,0x000000a261000000) (1024K)]
  0x000001ced2e6af90 WorkerThread "GC Thread#11"                    [id=29260, stack(0x000000a261000000,0x000000a261100000) (1024K)]
  0x000001ced2e69210 WorkerThread "GC Thread#12"                    [id=28836, stack(0x000000a261100000,0x000000a261200000) (1024K)]
  0x000001ceee374880 ConcurrentGCThread "G1 Main Marker"            [id=8076, stack(0x000000a25e200000,0x000000a25e300000) (1024K)]
  0x000001ceee3752a0 WorkerThread "G1 Conc#0"                       [id=23444, stack(0x000000a25e300000,0x000000a25e400000) (1024K)]
  0x000001ced2e695c0 WorkerThread "G1 Conc#1"                       [id=7524, stack(0x000000a261200000,0x000000a261300000) (1024K)]
  0x000001ced2e68ab0 WorkerThread "G1 Conc#2"                       [id=17748, stack(0x000000a261300000,0x000000a261400000) (1024K)]
  0x000001ceee3ae950 ConcurrentGCThread "G1 Refine#0"               [id=25036, stack(0x000000a25e400000,0x000000a25e500000) (1024K)]
  0x000001cef90fb4b0 ConcurrentGCThread "G1 Service"                [id=13336, stack(0x000000a25e500000,0x000000a25e600000) (1024K)]
Total: 21

Threads with active compile tasks:
C2 CompilerThread2  18110 8908   !   4       org.jetbrains.kotlin.metadata.jvm.JvmProtoBuf$JvmMethodSignature$Builder::mergeFrom (60 bytes)
Total: 1

VM state: not at safepoint (normal execution)

VM Mutex/Monitor currently owned by a thread:  ([mutex/lock_event])
[0x00007fff5f41cfe0] CompiledIC_lock - owner thread: 0x000001ceff9e6f50

Heap address: 0x0000000700000000, size: 4096 MB, Compressed Oops mode: Zero based, Oop shift amount: 3

CDS archive(s) mapped at: [0x000001ce8f000000-0x000001ce8fba0000-0x000001ce8fba0000), size 12189696, SharedBaseAddress: 0x000001ce8f000000, ArchiveRelocationMode: 1.
Compressed class space mapped at: 0x000001ce90000000-0x000001ced0000000, reserved size: 1073741824
Narrow klass base: 0x000001ce8f000000, Narrow klass shift: 0, Narrow klass range: 0x100000000

GC Precious Log:
 CardTable entry size: 512
 Card Set container configuration: InlinePtr #cards 4 size 8 Array Of Cards #cards 16 size 48 Howl #buckets 8 coarsen threshold 3686 Howl Bitmap #cards 512 size 80 coarsen threshold 460 Card regions per heap region 1 cards per card region 4096
 CPUs: 16 total, 16 available
 Memory: 16087M
 Large Page Support: Disabled
 NUMA Support: Disabled
 Compressed Oops: Enabled (Zero based)
 Heap Region Size: 2M
 Heap Min Capacity: 8M
 Heap Initial Capacity: 252M
 Heap Max Capacity: 4G
 Pre-touch: Disabled
 Parallel Workers: 13
 Concurrent Workers: 3
 Concurrent Refinement Workers: 13
 Periodic GC: Disabled

Heap:
 garbage-first heap   total 137216K, used 91528K [0x0000000700000000, 0x0000000800000000)
  region size 2048K, 7 young (14336K), 2 survivors (4096K)
 Metaspace       used 101770K, committed 103744K, reserved 1179648K
  class space    used 13474K, committed 14464K, reserved 1048576K

Heap Regions: E=young(eden), S=young(survivor), O=old, HS=humongous(starts), HC=humongous(continues), CS=collection set, F=free, TAMS=top-at-mark-start, PB=parsable bottom
|   0|0x0000000700000000, 0x0000000700200000, 0x0000000700200000|100%|HS|  |TAMS 0x0000000700000000| PB 0x0000000700000000| Complete 
|   1|0x0000000700200000, 0x0000000700400000, 0x0000000700400000|100%|HC|  |TAMS 0x0000000700200000| PB 0x0000000700200000| Complete 
|   2|0x0000000700400000, 0x0000000700600000, 0x0000000700600000|100%| O|  |TAMS 0x0000000700400000| PB 0x0000000700400000| Untracked 
|   3|0x0000000700600000, 0x0000000700800000, 0x0000000700800000|100%| O|  |TAMS 0x0000000700600000| PB 0x0000000700600000| Untracked 
|   4|0x0000000700800000, 0x00000007009f9de8, 0x0000000700a00000| 98%| O|  |TAMS 0x0000000700800000| PB 0x0000000700800000| Untracked 
|   5|0x0000000700a00000, 0x0000000700c00000, 0x0000000700c00000|100%| O|  |TAMS 0x0000000700a00000| PB 0x0000000700a00000| Untracked 
|   6|0x0000000700c00000, 0x0000000700e00000, 0x0000000700e00000|100%| O|  |TAMS 0x0000000700c00000| PB 0x0000000700c00000| Untracked 
|   7|0x0000000700e00000, 0x0000000701000000, 0x0000000701000000|100%| O|  |TAMS 0x0000000700e00000| PB 0x0000000700e00000| Untracked 
|   8|0x0000000701000000, 0x0000000701200000, 0x0000000701200000|100%| O|  |TAMS 0x0000000701000000| PB 0x0000000701000000| Untracked 
|   9|0x0000000701200000, 0x0000000701400000, 0x0000000701400000|100%| O|  |TAMS 0x0000000701200000| PB 0x0000000701200000| Untracked 
|  10|0x0000000701400000, 0x0000000701600000, 0x0000000701600000|100%| O|  |TAMS 0x0000000701400000| PB 0x0000000701400000| Untracked 
|  11|0x0000000701600000, 0x0000000701800000, 0x0000000701800000|100%| O|  |TAMS 0x0000000701600000| PB 0x0000000701600000| Untracked 
|  12|0x0000000701800000, 0x0000000701a00000, 0x0000000701a00000|100%| O|  |TAMS 0x0000000701800000| PB 0x0000000701800000| Untracked 
|  13|0x0000000701a00000, 0x0000000701c00000, 0x0000000701c00000|100%| O|  |TAMS 0x0000000701a00000| PB 0x0000000701a00000| Untracked 
|  14|0x0000000701c00000, 0x0000000701e00000, 0x0000000701e00000|100%| O|  |TAMS 0x0000000701c00000| PB 0x0000000701c00000| Untracked 
|  15|0x0000000701e00000, 0x0000000702000000, 0x0000000702000000|100%| O|  |TAMS 0x0000000701e00000| PB 0x0000000701e00000| Untracked 
|  16|0x0000000702000000, 0x0000000702200000, 0x0000000702200000|100%| O|  |TAMS 0x0000000702000000| PB 0x0000000702000000| Untracked 
|  17|0x0000000702200000, 0x0000000702400000, 0x0000000702400000|100%| O|  |TAMS 0x0000000702200000| PB 0x0000000702200000| Untracked 
|  18|0x0000000702400000, 0x0000000702600000, 0x0000000702600000|100%|HS|  |TAMS 0x0000000702400000| PB 0x0000000702400000| Complete 
|  19|0x0000000702600000, 0x0000000702800000, 0x0000000702800000|100%|HC|  |TAMS 0x0000000702600000| PB 0x0000000702600000| Complete 
|  20|0x0000000702800000, 0x0000000702a00000, 0x0000000702a00000|100%|HC|  |TAMS 0x0000000702800000| PB 0x0000000702800000| Complete 
|  21|0x0000000702a00000, 0x0000000702c00000, 0x0000000702c00000|100%| O|  |TAMS 0x0000000702a00000| PB 0x0000000702a00000| Untracked 
|  22|0x0000000702c00000, 0x0000000702e00000, 0x0000000702e00000|100%| O|  |TAMS 0x0000000702c00000| PB 0x0000000702c00000| Untracked 
|  23|0x0000000702e00000, 0x0000000703000000, 0x0000000703000000|100%| O|  |TAMS 0x0000000702e00000| PB 0x0000000702e00000| Untracked 
|  24|0x0000000703000000, 0x0000000703200000, 0x0000000703200000|100%| O|  |TAMS 0x0000000703000000| PB 0x0000000703000000| Untracked 
|  25|0x0000000703200000, 0x0000000703400000, 0x0000000703400000|100%| O|  |TAMS 0x0000000703200000| PB 0x0000000703200000| Untracked 
|  26|0x0000000703400000, 0x0000000703600000, 0x0000000703600000|100%| O|  |TAMS 0x0000000703400000| PB 0x0000000703400000| Untracked 
|  27|0x0000000703600000, 0x0000000703800000, 0x0000000703800000|100%| O|  |TAMS 0x0000000703600000| PB 0x0000000703600000| Untracked 
|  28|0x0000000703800000, 0x0000000703a00000, 0x0000000703a00000|100%| O|  |TAMS 0x0000000703800000| PB 0x0000000703800000| Untracked 
|  29|0x0000000703a00000, 0x0000000703c00000, 0x0000000703c00000|100%| O|Cm|TAMS 0x0000000703a00000| PB 0x0000000703a00000| Complete 
|  30|0x0000000703c00000, 0x0000000703e00000, 0x0000000703e00000|100%| O|  |TAMS 0x0000000703c00000| PB 0x0000000703c00000| Untracked 
|  31|0x0000000703e00000, 0x0000000703e00000, 0x0000000704000000|  0%| F|  |TAMS 0x0000000703e00000| PB 0x0000000703e00000| Untracked 
|  32|0x0000000704000000, 0x0000000704000000, 0x0000000704200000|  0%| F|  |TAMS 0x0000000704000000| PB 0x0000000704000000| Untracked 
|  33|0x0000000704200000, 0x00000007043c9d20, 0x0000000704400000| 89%| O|  |TAMS 0x0000000704200000| PB 0x0000000704200000| Untracked 
|  34|0x0000000704400000, 0x0000000704400000, 0x0000000704600000|  0%| F|  |TAMS 0x0000000704400000| PB 0x0000000704400000| Untracked 
|  35|0x0000000704600000, 0x0000000704600000, 0x0000000704800000|  0%| F|  |TAMS 0x0000000704600000| PB 0x0000000704600000| Untracked 
|  36|0x0000000704800000, 0x0000000704800000, 0x0000000704a00000|  0%| F|  |TAMS 0x0000000704800000| PB 0x0000000704800000| Untracked 
|  37|0x0000000704a00000, 0x0000000704a00000, 0x0000000704c00000|  0%| F|  |TAMS 0x0000000704a00000| PB 0x0000000704a00000| Untracked 
|  38|0x0000000704c00000, 0x0000000704c00000, 0x0000000704e00000|  0%| F|  |TAMS 0x0000000704c00000| PB 0x0000000704c00000| Untracked 
|  39|0x0000000704e00000, 0x0000000704e00000, 0x0000000705000000|  0%| F|  |TAMS 0x0000000704e00000| PB 0x0000000704e00000| Untracked 
|  40|0x0000000705000000, 0x000000070519e730, 0x0000000705200000| 80%| S|CS|TAMS 0x0000000705000000| PB 0x0000000705000000| Complete 
|  41|0x0000000705200000, 0x0000000705400000, 0x0000000705400000|100%| S|CS|TAMS 0x0000000705200000| PB 0x0000000705200000| Complete 
|  42|0x0000000705400000, 0x0000000705400000, 0x0000000705600000|  0%| F|  |TAMS 0x0000000705400000| PB 0x0000000705400000| Untracked 
|  43|0x0000000705600000, 0x0000000705600000, 0x0000000705800000|  0%| F|  |TAMS 0x0000000705600000| PB 0x0000000705600000| Untracked 
|  44|0x0000000705800000, 0x0000000705800000, 0x0000000705a00000|  0%| F|  |TAMS 0x0000000705800000| PB 0x0000000705800000| Untracked 
|  45|0x0000000705a00000, 0x0000000705a00000, 0x0000000705c00000|  0%| F|  |TAMS 0x0000000705a00000| PB 0x0000000705a00000| Untracked 
|  46|0x0000000705c00000, 0x0000000705c00000, 0x0000000705e00000|  0%| F|  |TAMS 0x0000000705c00000| PB 0x0000000705c00000| Untracked 
|  47|0x0000000705e00000, 0x0000000705e00000, 0x0000000706000000|  0%| F|  |TAMS 0x0000000705e00000| PB 0x0000000705e00000| Untracked 
|  48|0x0000000706000000, 0x0000000706000000, 0x0000000706200000|  0%| F|  |TAMS 0x0000000706000000| PB 0x0000000706000000| Untracked 
|  49|0x0000000706200000, 0x0000000706200000, 0x0000000706400000|  0%| F|  |TAMS 0x0000000706200000| PB 0x0000000706200000| Untracked 
|  50|0x0000000706400000, 0x0000000706400000, 0x0000000706600000|  0%| F|  |TAMS 0x0000000706400000| PB 0x0000000706400000| Untracked 
|  66|0x0000000708400000, 0x0000000708400000, 0x0000000708600000|  0%| F|  |TAMS 0x0000000708400000| PB 0x0000000708400000| Untracked 
|  67|0x0000000708600000, 0x0000000708600000, 0x0000000708800000|  0%| F|  |TAMS 0x0000000708600000| PB 0x0000000708600000| Untracked 
|  68|0x0000000708800000, 0x0000000708800000, 0x0000000708a00000|  0%| F|  |TAMS 0x0000000708800000| PB 0x0000000708800000| Untracked 
|  69|0x0000000708a00000, 0x0000000708a00000, 0x0000000708c00000|  0%| F|  |TAMS 0x0000000708a00000| PB 0x0000000708a00000| Untracked 
|  70|0x0000000708c00000, 0x0000000708d7c660, 0x0000000708e00000| 74%| E|  |TAMS 0x0000000708c00000| PB 0x0000000708c00000| Complete 
|  71|0x0000000708e00000, 0x0000000709000000, 0x0000000709000000|100%| E|CS|TAMS 0x0000000708e00000| PB 0x0000000708e00000| Complete 
|  72|0x0000000709000000, 0x0000000709200000, 0x0000000709200000|100%| E|CS|TAMS 0x0000000709000000| PB 0x0000000709000000| Complete 
| 125|0x000000070fa00000, 0x000000070fc00000, 0x000000070fc00000|100%| E|CS|TAMS 0x000000070fa00000| PB 0x000000070fa00000| Complete 
|2040|0x00000007ff000000, 0x00000007ff200000, 0x00000007ff200000|100%| O|  |TAMS 0x00000007ff000000| PB 0x00000007ff000000| Untracked 
|2041|0x00000007ff200000, 0x00000007ff400000, 0x00000007ff400000|100%| O|  |TAMS 0x00000007ff200000| PB 0x00000007ff200000| Untracked 
|2042|0x00000007ff400000, 0x00000007ff600000, 0x00000007ff600000|100%| E|CS|TAMS 0x00000007ff400000| PB 0x00000007ff400000| Complete 
|2043|0x00000007ff600000, 0x00000007ff800000, 0x00000007ff800000|100%| O|  |TAMS 0x00000007ff600000| PB 0x00000007ff600000| Untracked 
|2044|0x00000007ff800000, 0x00000007ffa00000, 0x00000007ffa00000|100%| O|  |TAMS 0x00000007ff800000| PB 0x00000007ff800000| Untracked 
|2045|0x00000007ffa00000, 0x00000007ffc00000, 0x00000007ffc00000|100%| O|  |TAMS 0x00000007ffa00000| PB 0x00000007ffa00000| Untracked 
|2046|0x00000007ffc00000, 0x00000007ffe00000, 0x00000007ffe00000|100%| O|  |TAMS 0x00000007ffc00000| PB 0x00000007ffc00000| Untracked 
|2047|0x00000007ffe00000, 0x0000000800000000, 0x0000000800000000|100%| O|  |TAMS 0x00000007ffe00000| PB 0x00000007ffe00000| Untracked 

Card table byte_map: [0x000001cef2570000,0x000001cef2d70000] _byte_map_base: 0x000001ceeed70000

Marking Bits: (CMBitMap*) 0x000001ceee363120
 Bits: [0x000001cef2d70000, 0x000001cef6d70000)

Polling page: 0x000001ceec130000

Metaspace:

Usage:
  Non-class:     86.23 MB used.
      Class:     13.16 MB used.
       Both:     99.39 MB used.

Virtual space:
  Non-class space:      128.00 MB reserved,      87.19 MB ( 68%) committed,  2 nodes.
      Class space:        1.00 GB reserved,      14.12 MB (  1%) committed,  1 nodes.
             Both:        1.12 GB reserved,     101.31 MB (  9%) committed. 

Chunk freelists:
   Non-Class:  8.34 MB
       Class:  1.81 MB
        Both:  10.16 MB

MaxMetaspaceSize: 2.00 GB
CompressedClassSpaceSize: 1.00 GB
Initial GC threshold: 21.00 MB
Current GC threshold: 168.56 MB
CDS: on
 - commit_granule_bytes: 65536.
 - commit_granule_words: 8192.
 - virtual_space_node_default_size: 8388608.
 - enlarge_chunks_in_place: 1.
 - use_allocation_guard: 0.


Internal statistics:

num_allocs_failed_limit: 9.
num_arena_births: 3522.
num_arena_deaths: 0.
num_vsnodes_births: 3.
num_vsnodes_deaths: 0.
num_space_committed: 1619.
num_space_uncommitted: 0.
num_chunks_returned_to_freelist: 9.
num_chunks_taken_from_freelist: 7550.
num_chunk_merges: 9.
num_chunk_splits: 5494.
num_chunks_enlarged: 3937.
num_inconsistent_stats: 0.

CodeHeap 'non-profiled nmethods': size=119168Kb used=4466Kb max_used=4466Kb free=114702Kb
 bounds [0x000001ce87ba0000, 0x000001ce88000000, 0x000001ce8f000000]
CodeHeap 'profiled nmethods': size=119104Kb used=15528Kb max_used=16079Kb free=103575Kb
 bounds [0x000001ce80000000, 0x000001ce80fc0000, 0x000001ce87450000]
CodeHeap 'non-nmethods': size=7488Kb used=4508Kb max_used=4578Kb free=2979Kb
 bounds [0x000001ce87450000, 0x000001ce878f0000, 0x000001ce87ba0000]
CodeCache: size=245760Kb, used=24502Kb, max_used=25123Kb, free=221256Kb
 total_blobs=8581, nmethods=7508, adapters=973, full_count=0
Compilation: enabled, stopped_count=0, restarted_count=0

Compilation events (20 events):
Event: 18.028 Thread 0x000001cefebd9cf0 nmethod 8902 0x000001ce87ff1d90 code [0x000001ce87ff1f20, 0x000001ce87ff2060]
Event: 18.029 Thread 0x000001cefebd9cf0 8903       4       org.jetbrains.kotlin.metadata.jvm.JvmProtoBuf$JvmMethodSignature$Builder::buildPartial (65 bytes)
Event: 18.030 Thread 0x000001cefebd9cf0 nmethod 8903 0x000001ce87ff2190 code [0x000001ce87ff2320, 0x000001ce87ff2480]
Event: 18.033 Thread 0x000001cefebd9cf0 8904       4       org.jetbrains.kotlin.metadata.jvm.JvmProtoBuf$JvmMethodSignature::<init> (6 bytes)
Event: 18.035 Thread 0x000001cefebd9cf0 nmethod 8904 0x000001ce87ff2590 code [0x000001ce87ff2720, 0x000001ce87ff2898]
Event: 18.037 Thread 0x000001cefe0263e0 8905       3       org.jetbrains.kotlin.load.kotlin.DeserializedDescriptorResolver::isPreReleaseInvisible (59 bytes)
Event: 18.038 Thread 0x000001cefe0263e0 nmethod 8905 0x000001ce80a24990 code [0x000001ce80a24ce0, 0x000001ce80a25f80]
Event: 18.038 Thread 0x000001ced1d4e9c0 8906       3       org.jetbrains.kotlin.load.kotlin.DeserializedDescriptorResolver::getAbiStability (62 bytes)
Event: 18.040 Thread 0x000001ced1d4e9c0 nmethod 8906 0x000001ce80543110 code [0x000001ce80543480, 0x000001ce80544910]
Event: 18.041 Thread 0x000001cefe0263e0 8907       3       org.jetbrains.kotlin.protobuf.FieldSet::hasField (36 bytes)
Event: 18.042 Thread 0x000001cefe0263e0 nmethod 8907 0x000001ce8028fb90 code [0x000001ce8028fd60, 0x000001ce802900e0]
Event: 18.042 Thread 0x000001cefebd9cf0 8908   !   4       org.jetbrains.kotlin.metadata.jvm.JvmProtoBuf$JvmMethodSignature$Builder::mergeFrom (60 bytes)
Event: 18.048 Thread 0x000001ced4327aa0 8909       4       org.jetbrains.kotlin.metadata.jvm.JvmProtoBuf$JvmMethodSignature$Builder::mergeFrom (7 bytes)
Event: 18.060 Thread 0x000001cefe0113f0 nmethod 8899 0x000001ce87ff2990 code [0x000001ce87ff2d00, 0x000001ce87ff5578]
Event: 18.060 Thread 0x000001cefe0113f0 8910       4       org.jetbrains.kotlin.metadata.jvm.JvmProtoBuf$JvmMethodSignature$Builder::mergeFrom (59 bytes)
Event: 18.064 Thread 0x000001cefe0113f0 nmethod 8910 0x000001ce87ff6810 code [0x000001ce87ff69c0, 0x000001ce87ff6cf0]
Event: 18.069 Thread 0x000001cefe0113f0 8911       4       org.jetbrains.kotlin.metadata.jvm.JvmProtoBuf$JvmMethodSignature$Builder::build (5 bytes)
Event: 18.071 Thread 0x000001cefe0113f0 nmethod 8911 0x000001ce87ff6f90 code [0x000001ce87ff7120, 0x000001ce87ff7260]
Event: 18.075 Thread 0x000001ced1d4e9c0 8912       3       org.jetbrains.kotlin.metadata.jvm.deserialization.JvmProtoBufUtil::readPackageDataFrom (54 bytes)
Event: 18.076 Thread 0x000001ced1d4e9c0 nmethod 8912 0x000001ce80938d90 code [0x000001ce809390c0, 0x000001ce8093a390]

GC Heap History (20 events):
Event: 9.485 GC heap before
{Heap before GC invocations=13 (full 0):
 garbage-first heap   total 129024K, used 110593K [0x0000000700000000, 0x0000000800000000)
  region size 2048K, 29 young (59392K), 2 survivors (4096K)
 Metaspace       used 64750K, committed 66176K, reserved 1114112K
  class space    used 9041K, committed 9728K, reserved 1048576K
}
Event: 9.492 GC heap after
{Heap after GC invocations=14 (full 0):
 garbage-first heap   total 129024K, used 59044K [0x0000000700000000, 0x0000000800000000)
  region size 2048K, 3 young (6144K), 3 survivors (6144K)
 Metaspace       used 64750K, committed 66176K, reserved 1114112K
  class space    used 9041K, committed 9728K, reserved 1048576K
}
Event: 10.539 GC heap before
{Heap before GC invocations=14 (full 0):
 garbage-first heap   total 129024K, used 106148K [0x0000000700000000, 0x0000000800000000)
  region size 2048K, 27 young (55296K), 3 survivors (6144K)
 Metaspace       used 70585K, committed 72384K, reserved 1114112K
  class space    used 9774K, committed 10688K, reserved 1048576K
}
Event: 10.549 GC heap after
{Heap after GC invocations=15 (full 0):
 garbage-first heap   total 129024K, used 61521K [0x0000000700000000, 0x0000000800000000)
  region size 2048K, 2 young (4096K), 2 survivors (4096K)
 Metaspace       used 70585K, committed 72384K, reserved 1114112K
  class space    used 9774K, committed 10688K, reserved 1048576K
}
Event: 11.498 GC heap before
{Heap before GC invocations=15 (full 0):
 garbage-first heap   total 129024K, used 110673K [0x0000000700000000, 0x0000000800000000)
  region size 2048K, 26 young (53248K), 2 survivors (4096K)
 Metaspace       used 75439K, committed 77184K, reserved 1179648K
  class space    used 10371K, committed 11264K, reserved 1048576K
}
Event: 11.507 GC heap after
{Heap after GC invocations=16 (full 0):
 garbage-first heap   total 129024K, used 67290K [0x0000000700000000, 0x0000000800000000)
  region size 2048K, 4 young (8192K), 4 survivors (8192K)
 Metaspace       used 75439K, committed 77184K, reserved 1179648K
  class space    used 10371K, committed 11264K, reserved 1048576K
}
Event: 12.570 GC heap before
{Heap before GC invocations=17 (full 0):
 garbage-first heap   total 129024K, used 112346K [0x0000000700000000, 0x0000000800000000)
  region size 2048K, 26 young (53248K), 4 survivors (8192K)
 Metaspace       used 77719K, committed 79552K, reserved 1179648K
  class space    used 10623K, committed 11520K, reserved 1048576K
}
Event: 12.581 GC heap after
{Heap after GC invocations=18 (full 0):
 garbage-first heap   total 129024K, used 68387K [0x0000000700000000, 0x0000000800000000)
  region size 2048K, 3 young (6144K), 3 survivors (6144K)
 Metaspace       used 77719K, committed 79552K, reserved 1179648K
  class space    used 10623K, committed 11520K, reserved 1048576K
}
Event: 13.592 GC heap before
{Heap before GC invocations=18 (full 0):
 garbage-first heap   total 129024K, used 109347K [0x0000000700000000, 0x0000000800000000)
  region size 2048K, 24 young (49152K), 3 survivors (6144K)
 Metaspace       used 81572K, committed 83392K, reserved 1179648K
  class space    used 11055K, committed 11968K, reserved 1048576K
}
Event: 13.601 GC heap after
{Heap after GC invocations=19 (full 0):
 garbage-first heap   total 129024K, used 71034K [0x0000000700000000, 0x0000000800000000)
  region size 2048K, 2 young (4096K), 2 survivors (4096K)
 Metaspace       used 81572K, committed 83392K, reserved 1179648K
  class space    used 11055K, committed 11968K, reserved 1048576K
}
Event: 14.584 GC heap before
{Heap before GC invocations=19 (full 0):
 garbage-first heap   total 129024K, used 114042K [0x0000000700000000, 0x0000000800000000)
  region size 2048K, 23 young (47104K), 2 survivors (4096K)
 Metaspace       used 86501K, committed 88320K, reserved 1179648K
  class space    used 11572K, committed 12480K, reserved 1048576K
}
Event: 14.592 GC heap after
{Heap after GC invocations=20 (full 0):
 garbage-first heap   total 129024K, used 73995K [0x0000000700000000, 0x0000000800000000)
  region size 2048K, 3 young (6144K), 3 survivors (6144K)
 Metaspace       used 86501K, committed 88320K, reserved 1179648K
  class space    used 11572K, committed 12480K, reserved 1048576K
}
Event: 15.384 GC heap before
{Heap before GC invocations=21 (full 0):
 garbage-first heap   total 129024K, used 114955K [0x0000000700000000, 0x0000000800000000)
  region size 2048K, 23 young (47104K), 3 survivors (6144K)
 Metaspace       used 92252K, committed 94080K, reserved 1179648K
  class space    used 12203K, committed 13120K, reserved 1048576K
}
Event: 15.390 GC heap after
{Heap after GC invocations=22 (full 0):
 garbage-first heap   total 129024K, used 75359K [0x0000000700000000, 0x0000000800000000)
  region size 2048K, 1 young (2048K), 1 survivors (2048K)
 Metaspace       used 92252K, committed 94080K, reserved 1179648K
  class space    used 12203K, committed 13120K, reserved 1048576K
}
Event: 16.352 GC heap before
{Heap before GC invocations=22 (full 0):
 garbage-first heap   total 129024K, used 116319K [0x0000000700000000, 0x0000000800000000)
  region size 2048K, 21 young (43008K), 1 survivors (2048K)
 Metaspace       used 98352K, committed 100160K, reserved 1179648K
  class space    used 12884K, committed 13760K, reserved 1048576K
}
Event: 16.358 GC heap after
{Heap after GC invocations=23 (full 0):
 garbage-first heap   total 129024K, used 76243K [0x0000000700000000, 0x0000000800000000)
  region size 2048K, 2 young (4096K), 2 survivors (4096K)
 Metaspace       used 98352K, committed 100160K, reserved 1179648K
  class space    used 12884K, committed 13760K, reserved 1048576K
}
Event: 17.284 GC heap before
{Heap before GC invocations=23 (full 0):
 garbage-first heap   total 129024K, used 117203K [0x0000000700000000, 0x0000000800000000)
  region size 2048K, 22 young (45056K), 2 survivors (4096K)
 Metaspace       used 101661K, committed 103552K, reserved 1179648K
  class space    used 13471K, committed 14400K, reserved 1048576K
}
Event: 17.293 GC heap after
{Heap after GC invocations=24 (full 0):
 garbage-first heap   total 129024K, used 79725K [0x0000000700000000, 0x0000000800000000)
  region size 2048K, 3 young (6144K), 3 survivors (6144K)
 Metaspace       used 101661K, committed 103552K, reserved 1179648K
  class space    used 13471K, committed 14400K, reserved 1048576K
}
Event: 17.804 GC heap before
{Heap before GC invocations=25 (full 0):
 garbage-first heap   total 137216K, used 114541K [0x0000000700000000, 0x0000000800000000)
  region size 2048K, 21 young (43008K), 3 survivors (6144K)
 Metaspace       used 101756K, committed 103744K, reserved 1179648K
  class space    used 13473K, committed 14464K, reserved 1048576K
}
Event: 17.816 GC heap after
{Heap after GC invocations=26 (full 0):
 garbage-first heap   total 137216K, used 83336K [0x0000000700000000, 0x0000000800000000)
  region size 2048K, 2 young (4096K), 2 survivors (4096K)
 Metaspace       used 101756K, committed 103744K, reserved 1179648K
  class space    used 13473K, committed 14464K, reserved 1048576K
}

Dll operation events (14 events):
Event: 0.006 Loaded shared library C:\Users\nejii\.vscode\extensions\redhat.java-1.54.0-win32-x64\jre\21.0.10-win32-x86_64\bin\java.dll
Event: 0.042 Loaded shared library C:\Users\nejii\.vscode\extensions\redhat.java-1.54.0-win32-x64\jre\21.0.10-win32-x86_64\bin\zip.dll
Event: 0.053 Loaded shared library C:\Users\nejii\.vscode\extensions\redhat.java-1.54.0-win32-x64\jre\21.0.10-win32-x86_64\bin\instrument.dll
Event: 0.056 Loaded shared library C:\Users\nejii\.vscode\extensions\redhat.java-1.54.0-win32-x64\jre\21.0.10-win32-x86_64\bin\net.dll
Event: 0.057 Loaded shared library C:\Users\nejii\.vscode\extensions\redhat.java-1.54.0-win32-x64\jre\21.0.10-win32-x86_64\bin\nio.dll
Event: 0.059 Loaded shared library C:\Users\nejii\.vscode\extensions\redhat.java-1.54.0-win32-x64\jre\21.0.10-win32-x86_64\bin\zip.dll
Event: 0.170 Loaded shared library C:\Users\nejii\.vscode\extensions\redhat.java-1.54.0-win32-x64\jre\21.0.10-win32-x86_64\bin\jimage.dll
Event: 0.204 Loaded shared library C:\Users\nejii\.vscode\extensions\redhat.java-1.54.0-win32-x64\jre\21.0.10-win32-x86_64\bin\verify.dll
Event: 0.295 Loaded shared library C:\Users\nejii\.gradle\native\68d5fa5c4cc2d200863cafc0d521ce42e7d3e7ee720ec0a83991735586a16f82\windows-amd64\native-platform.dll
Event: 0.302 Loaded shared library C:\Users\nejii\.gradle\native\e376f236ea51e6404a007f0833ffe2c6e607c4080706a723a18a27aeea778392\windows-amd64\native-platform-file-events.dll
Event: 0.757 Loaded shared library C:\Users\nejii\.vscode\extensions\redhat.java-1.54.0-win32-x64\jre\21.0.10-win32-x86_64\bin\management.dll
Event: 0.759 Loaded shared library C:\Users\nejii\.vscode\extensions\redhat.java-1.54.0-win32-x64\jre\21.0.10-win32-x86_64\bin\management_ext.dll
Event: 0.877 Loaded shared library C:\Users\nejii\.vscode\extensions\redhat.java-1.54.0-win32-x64\jre\21.0.10-win32-x86_64\bin\extnet.dll
Event: 0.958 Loaded shared library C:\Users\nejii\.vscode\extensions\redhat.java-1.54.0-win32-x64\jre\21.0.10-win32-x86_64\bin\sunmscapi.dll

Deoptimization events (20 events):
Event: 17.179 Thread 0x000001ceff9e6f50 Uncommon trap: trap_request=0xffffffde fr.pc=0x000001ce87f72a60 relative=0x0000000000003a80
Event: 17.179 Thread 0x000001ceff9e6f50 Uncommon trap: reason=class_check action=maybe_recompile pc=0x000001ce87f72a60 method=org.jetbrains.kotlin.metadata.ProtoBuf$TypeParameter.writeTo(Lorg/jetbrains/kotlin/protobuf/CodedOutputStream;)V @ 134 c2
Event: 17.179 Thread 0x000001ceff9e6f50 DEOPT PACKING pc=0x000001ce87f72a60 sp=0x000000a2602f1e50
Event: 17.179 Thread 0x000001ceff9e6f50 DEOPT UNPACKING pc=0x000001ce874a4422 sp=0x000000a2602f1d10 mode 2
Event: 17.179 Thread 0x000001ceff9e6f50 Uncommon trap: trap_request=0xffffff45 fr.pc=0x000001ce87f7251c relative=0x000000000000353c
Event: 17.179 Thread 0x000001ceff9e6f50 Uncommon trap: reason=unstable_if action=reinterpret pc=0x000001ce87f7251c method=org.jetbrains.kotlin.metadata.ProtoBuf$Function.writeTo(Lorg/jetbrains/kotlin/protobuf/CodedOutputStream;)V @ 200 c2
Event: 17.179 Thread 0x000001ceff9e6f50 DEOPT PACKING pc=0x000001ce87f7251c sp=0x000000a2602f1e50
Event: 17.179 Thread 0x000001ceff9e6f50 DEOPT UNPACKING pc=0x000001ce874a4422 sp=0x000000a2602f1e58 mode 2
Event: 17.211 Thread 0x000001ceff9e6f50 Uncommon trap: trap_request=0xffffffc6 fr.pc=0x000001ce87c4af90 relative=0x0000000000000e10
Event: 17.211 Thread 0x000001ceff9e6f50 Uncommon trap: reason=bimorphic_or_optimized_type_check action=maybe_recompile pc=0x000001ce87c4af90 method=java.util.HashMap.computeIfAbsent(Ljava/lang/Object;Ljava/util/function/Function;)Ljava/lang/Object; @ 142 c2
Event: 17.211 Thread 0x000001ceff9e6f50 DEOPT PACKING pc=0x000001ce87c4af90 sp=0x000000a2602f20b0
Event: 17.211 Thread 0x000001ceff9e6f50 DEOPT UNPACKING pc=0x000001ce874a4422 sp=0x000000a2602f2060 mode 2
Event: 17.221 Thread 0x000001ceff9e6f50 Uncommon trap: trap_request=0xffffffc6 fr.pc=0x000001ce87c4af90 relative=0x0000000000000e10
Event: 17.221 Thread 0x000001ceff9e6f50 Uncommon trap: reason=bimorphic_or_optimized_type_check action=maybe_recompile pc=0x000001ce87c4af90 method=java.util.HashMap.computeIfAbsent(Ljava/lang/Object;Ljava/util/function/Function;)Ljava/lang/Object; @ 142 c2
Event: 17.221 Thread 0x000001ceff9e6f50 DEOPT PACKING pc=0x000001ce87c4af90 sp=0x000000a2602f20b0
Event: 17.221 Thread 0x000001ceff9e6f50 DEOPT UNPACKING pc=0x000001ce874a4422 sp=0x000000a2602f2060 mode 2
Event: 17.432 Thread 0x000001ceff9e6f50 Uncommon trap: trap_request=0xffffffde fr.pc=0x000001ce87f4b2a0 relative=0x0000000000001500
Event: 17.432 Thread 0x000001ceff9e6f50 Uncommon trap: reason=class_check action=maybe_recompile pc=0x000001ce87f4b2a0 method=org.jetbrains.kotlin.serialization.deserialization.descriptors.DeserializedMemberScope.getContributedClassifier(Lorg/jetbrains/kotlin/name/Name;Lorg/jetbrains/kotlin/inc
Event: 17.432 Thread 0x000001ceff9e6f50 DEOPT PACKING pc=0x000001ce87f4b2a0 sp=0x000000a2602f0630
Event: 17.432 Thread 0x000001ceff9e6f50 DEOPT UNPACKING pc=0x000001ce874a4422 sp=0x000000a2602f0628 mode 2

Classes loaded (20 events):
Event: 16.849 Loading class javax/naming/NamingException
Event: 16.850 Loading class javax/naming/NamingException done
Event: 16.850 Loading class javax/naming/InvalidNameException
Event: 16.850 Loading class javax/naming/InvalidNameException done
Event: 16.907 Loading class java/util/zip/GZIPInputStream
Event: 16.907 Loading class java/util/zip/GZIPInputStream done
Event: 16.907 Loading class java/util/zip/GZIPOutputStream
Event: 16.907 Loading class java/util/zip/GZIPOutputStream done
Event: 16.963 Loading class java/util/stream/ReferencePipeline$4
Event: 16.963 Loading class java/util/stream/IntPipeline$StatelessOp
Event: 16.964 Loading class java/util/stream/IntPipeline$StatelessOp done
Event: 16.964 Loading class java/util/stream/ReferencePipeline$4 done
Event: 16.964 Loading class java/util/function/IntBinaryOperator
Event: 16.964 Loading class java/util/function/IntBinaryOperator done
Event: 16.964 Loading class java/util/stream/ReduceOps$6
Event: 16.964 Loading class java/util/stream/ReduceOps$6 done
Event: 16.964 Loading class java/util/stream/ReduceOps$5ReducingSink
Event: 16.964 Loading class java/util/stream/ReduceOps$5ReducingSink done
Event: 16.964 Loading class java/util/stream/ReferencePipeline$4$1
Event: 16.964 Loading class java/util/stream/ReferencePipeline$4$1 done

Classes unloaded (0 events):
No events

Classes redefined (0 events):
No events

Internal exceptions (20 events):
Event: 9.925 Thread 0x000001ceff9e6f50 Exception <a 'java/lang/NoSuchMethodError'{0x00000007059bd848}: 'java.lang.Object java.lang.invoke.DelegatingMethodHandle$Holder.reinvoke_L(java.lang.Object, java.lang.Object, java.lang.Object, java.lang.Object, java.lang.Object, java.lang.Object, java.lang.Object, java.lang.Object, java.lang.Object, java.lang.Object, java.lang.Object, java.lang.Object, java.lang.Object, java.lang.Object, java.lang.Object, java.lang.Object, java.lang.Object, java.lang.Object)'> (0x00000007059bd848) 
thrown [s\src\hotspot\s
Event: 9.936 Thread 0x000001ceff9e6f50 Exception <a 'java/lang/NoSuchMethodError'{0x000000070565a540}: 'java.lang.Object java.lang.invoke.DirectMethodHandle$Holder.newInvokeSpecial(java.lang.Object, java.lang.Object, java.lang.Object, java.lang.Object, java.lang.Object, java.lang.Object, java.lang.Object, java.lang.Object, java.lang.Object, java.lang.Object, java.lang.Object, java.lang.Object, java.lang.Object, java.lang.Object, java.lang.Object, java.lang.Object, java.lang.Object, java.lang.Object, java.lang.Object, java.lang.Object, java.lang
Event: 9.960 Thread 0x000001ceff9e6f50 Exception <a 'java/lang/NoSuchMethodError'{0x00000007057b9fb8}: 'java.lang.Object java.lang.invoke.DirectMethodHandle$Holder.newInvokeSpecial(java.lang.Object, java.lang.Object, java.lang.Object, java.lang.Object, java.lang.Object, java.lang.Object, java.lang.Object, java.lang.Object, java.lang.Object, java.lang.Object, java.lang.Object, java.lang.Object, java.lang.Object)'> (0x00000007057b9fb8) 
thrown [s\src\hotspot\share\interpreter\linkResolver.cpp, line 773]
Event: 10.345 Thread 0x000001ceff9e6f50 Implicit null exception at 0x000001ce87da74fc to 0x000001ce87da75b4
Event: 11.049 Thread 0x000001ceff9e6f50 Exception <a 'java/lang/NoSuchMethodError'{0x0000000705657600}: 'java.lang.Object java.lang.invoke.DirectMethodHandle$Holder.newInvokeSpecial(java.lang.Object, java.lang.Object, java.lang.Object, java.lang.Object, int)'> (0x0000000705657600) 
thrown [s\src\hotspot\share\interpreter\linkResolver.cpp, line 773]
Event: 11.050 Thread 0x000001ceff9e6f50 Exception <a 'java/lang/NoSuchMethodError'{0x000000070565d8c8}: 'java.lang.Object java.lang.invoke.DirectMethodHandle$Holder.invokeSpecial(java.lang.Object, java.lang.Object, java.lang.Object, java.lang.Object, java.lang.Object, int)'> (0x000000070565d8c8) 
thrown [s\src\hotspot\share\interpreter\linkResolver.cpp, line 773]
Event: 11.051 Thread 0x000001ceff9e6f50 Exception <a 'java/lang/NoSuchMethodError'{0x0000000705663548}: 'java.lang.Object java.lang.invoke.Invokers$Holder.linkToTargetMethod(java.lang.Object, java.lang.Object, java.lang.Object, int, java.lang.Object)'> (0x0000000705663548) 
thrown [s\src\hotspot\share\interpreter\linkResolver.cpp, line 773]
Event: 14.313 Thread 0x000001ceff9e6f50 Exception <a 'java/lang/NoSuchMethodError'{0x00000007052e0d70}: 'java.lang.Object java.lang.invoke.DirectMethodHandle$Holder.newInvokeSpecial(java.lang.Object, java.lang.Object, java.lang.Object, int, int, java.lang.Object, java.lang.Object)'> (0x00000007052e0d70) 
thrown [s\src\hotspot\share\interpreter\linkResolver.cpp, line 773]
Event: 16.164 Thread 0x000001ced3240fc0 Exception <a 'sun/nio/fs/WindowsException'{0x0000000704c55128}> (0x0000000704c55128) 
thrown [s\src\hotspot\share\prims\jni.cpp, line 520]
Event: 16.240 Thread 0x000001ced3240fc0 Exception <a 'sun/nio/fs/WindowsException'{0x0000000704a78990}> (0x0000000704a78990) 
thrown [s\src\hotspot\share\prims\jni.cpp, line 520]
Event: 16.244 Thread 0x000001ced3240fc0 Exception <a 'sun/nio/fs/WindowsException'{0x0000000704a78ba0}> (0x0000000704a78ba0) 
thrown [s\src\hotspot\share\prims\jni.cpp, line 520]
Event: 16.717 Thread 0x000001ceff9e6f50 Exception <a 'java/lang/NoSuchMethodError'{0x0000000708935bb0}: 'long java.lang.invoke.DirectMethodHandle$Holder.invokeStatic(java.lang.Object, long)'> (0x0000000708935bb0) 
thrown [s\src\hotspot\share\interpreter\linkResolver.cpp, line 773]
Event: 16.835 Thread 0x000001ceff9e6f50 Exception <a 'java/lang/NoSuchMethodError'{0x00000007085c86c0}: 'java.lang.Object java.lang.invoke.DirectMethodHandle$Holder.invokeVirtual(java.lang.Object, java.lang.Object, java.lang.Object, java.lang.Object, java.lang.Object, java.lang.Object, java.lang.Object, java.lang.Object, java.lang.Object, java.lang.Object, java.lang.Object, java.lang.Object, java.lang.Object, java.lang.Object, java.lang.Object, java.lang.Object, java.lang.Object)'> (0x00000007085c86c0) 
thrown [s\src\hotspot\share\interpreter\li
Event: 16.835 Thread 0x000001ceff9e6f50 Exception <a 'java/lang/NoSuchMethodError'{0x00000007085ceab8}: 'java.lang.Object java.lang.invoke.DirectMethodHandle$Holder.invokeSpecial(java.lang.Object, java.lang.Object, java.lang.Object, java.lang.Object, java.lang.Object, java.lang.Object, java.lang.Object, java.lang.Object, java.lang.Object, java.lang.Object, java.lang.Object, java.lang.Object, java.lang.Object, java.lang.Object, java.lang.Object, java.lang.Object, java.lang.Object, java.lang.Object)'> (0x00000007085ceab8) 
thrown [s\src\hotspot\sh
Event: 16.836 Thread 0x000001ceff9e6f50 Exception <a 'java/lang/NoSuchMethodError'{0x00000007085d4538}: 'java.lang.Object java.lang.invoke.DelegatingMethodHandle$Holder.reinvoke_L(java.lang.Object, java.lang.Object, java.lang.Object, java.lang.Object, java.lang.Object, java.lang.Object, java.lang.Object, java.lang.Object, java.lang.Object, java.lang.Object, java.lang.Object, java.lang.Object, java.lang.Object, java.lang.Object, java.lang.Object, java.lang.Object, java.lang.Object)'> (0x00000007085d4538) 
thrown [s\src\hotspot\share\interpreter\l
Event: 16.938 Thread 0x000001ceff9e6f50 Exception <a 'java/lang/NoSuchMethodError'{0x000000070586c340}: 'java.lang.Object java.lang.invoke.Invokers$Holder.invoker(java.lang.Object, java.lang.Object, java.lang.Object, java.lang.Object, java.lang.Object, java.lang.Object, java.lang.Object, java.lang.Object, java.lang.Object, java.lang.Object, java.lang.Object, java.lang.Object, java.lang.Object, java.lang.Object, java.lang.Object, java.lang.Object, java.lang.Object, java.lang.Object, java.lang.Object, java.lang.Object, java.lang.Object)'> (0x00000
Event: 16.938 Thread 0x000001ceff9e6f50 Exception <a 'java/lang/NoSuchMethodError'{0x0000000705872b30}: 'java.lang.Object java.lang.invoke.DelegatingMethodHandle$Holder.delegate(java.lang.Object, java.lang.Object, java.lang.Object, java.lang.Object, java.lang.Object, java.lang.Object, java.lang.Object, java.lang.Object, java.lang.Object, java.lang.Object, java.lang.Object, java.lang.Object, java.lang.Object, java.lang.Object, java.lang.Object, java.lang.Object, java.lang.Object, java.lang.Object, java.lang.Object, java.lang.Object, java.lang.Obj
Event: 17.009 Thread 0x000001ceff9e6f50 Exception <a 'java/lang/NoSuchMethodError'{0x00000007057017a0}: 'int java.lang.invoke.DirectMethodHandle$Holder.invokeStaticInit(java.lang.Object, java.lang.Object, java.lang.Object, java.lang.Object, java.lang.Object)'> (0x00000007057017a0) 
thrown [s\src\hotspot\share\interpreter\linkResolver.cpp, line 773]
Event: 17.111 Thread 0x000001ceff9e6f50 Exception <a 'sun/nio/fs/WindowsException'{0x0000000705274bd8}> (0x0000000705274bd8) 
thrown [s\src\hotspot\share\prims\jni.cpp, line 520]
Event: 17.112 Thread 0x000001ceff9e6f50 Exception <a 'sun/nio/fs/WindowsException'{0x0000000705277030}> (0x0000000705277030) 
thrown [s\src\hotspot\share\prims\jni.cpp, line 520]

ZGC Phase Switch (0 events):
No events

VM Operations (20 events):
Event: 16.209 Executing non-safepoint VM operation: HandshakeAllThreads (Deoptimize)
Event: 16.209 Executing non-safepoint VM operation: HandshakeAllThreads (Deoptimize) done
Event: 16.215 Executing non-safepoint VM operation: HandshakeAllThreads (Deoptimize)
Event: 16.215 Executing non-safepoint VM operation: HandshakeAllThreads (Deoptimize) done
Event: 16.352 Executing safepoint VM operation: G1CollectForAllocation (G1 Evacuation Pause)
Event: 16.358 Executing safepoint VM operation: G1CollectForAllocation (G1 Evacuation Pause) done
Event: 16.407 Executing non-safepoint VM operation: HandshakeAllThreads (Deoptimize)
Event: 16.407 Executing non-safepoint VM operation: HandshakeAllThreads (Deoptimize) done
Event: 16.728 Executing non-safepoint VM operation: HandshakeAllThreads (Deoptimize)
Event: 16.728 Executing non-safepoint VM operation: HandshakeAllThreads (Deoptimize) done
Event: 17.231 Executing safepoint VM operation: ICBufferFull
Event: 17.231 Executing safepoint VM operation: ICBufferFull done
Event: 17.284 Executing safepoint VM operation: G1CollectForAllocation (G1 Evacuation Pause)
Event: 17.293 Executing safepoint VM operation: G1CollectForAllocation (G1 Evacuation Pause) done
Event: 17.334 Executing safepoint VM operation: G1PauseRemark
Event: 17.341 Executing safepoint VM operation: G1PauseRemark done
Event: 17.358 Executing safepoint VM operation: G1PauseCleanup
Event: 17.358 Executing safepoint VM operation: G1PauseCleanup done
Event: 17.804 Executing safepoint VM operation: G1CollectForAllocation (G1 Evacuation Pause)
Event: 17.816 Executing safepoint VM operation: G1CollectForAllocation (G1 Evacuation Pause) done

Memory protections (0 events):
No events

Nmethod flushes (20 events):
Event: 17.340 Thread 0x000001cef9235f10 flushing  nmethod 0x000001ce800add90
Event: 17.340 Thread 0x000001cef9235f10 flushing  nmethod 0x000001ce800af110
Event: 17.340 Thread 0x000001cef9235f10 flushing  nmethod 0x000001ce800b0390
Event: 17.340 Thread 0x000001cef9235f10 flushing  nmethod 0x000001ce80379090
Event: 17.340 Thread 0x000001cef9235f10 flushing  nmethod 0x000001ce8037ac10
Event: 17.340 Thread 0x000001cef9235f10 flushing  nmethod 0x000001ce80381c90
Event: 17.340 Thread 0x000001cef9235f10 flushing  nmethod 0x000001ce803c0810
Event: 17.340 Thread 0x000001cef9235f10 flushing  nmethod 0x000001ce803c3410
Event: 17.340 Thread 0x000001cef9235f10 flushing  nmethod 0x000001ce803fe810
Event: 17.340 Thread 0x000001cef9235f10 flushing  nmethod 0x000001ce80413c90
Event: 17.340 Thread 0x000001cef9235f10 flushing  nmethod 0x000001ce8065ac10
Event: 17.340 Thread 0x000001cef9235f10 flushing  nmethod 0x000001ce80b16990
Event: 17.340 Thread 0x000001cef9235f10 flushing  nmethod 0x000001ce80b1b290
Event: 17.340 Thread 0x000001cef9235f10 flushing  nmethod 0x000001ce80b1be90
Event: 17.340 Thread 0x000001cef9235f10 flushing  nmethod 0x000001ce80b41990
Event: 17.340 Thread 0x000001cef9235f10 flushing  nmethod 0x000001ce80b42d10
Event: 17.340 Thread 0x000001cef9235f10 flushing  nmethod 0x000001ce80b43a10
Event: 17.340 Thread 0x000001cef9235f10 flushing  nmethod 0x000001ce80b47990
Event: 17.340 Thread 0x000001cef9235f10 flushing  nmethod 0x000001ce80b6e390
Event: 17.340 Thread 0x000001cef9235f10 flushing  nmethod 0x000001ce80cb3990

Events (20 events):
Event: 9.079 Thread 0x000001cefe0113f0 Thread added: 0x000001ced1d4e2f0
Event: 9.326 Thread 0x000001ced1d4e2f0 Thread exited: 0x000001ced1d4e2f0
Event: 9.650 Thread 0x000001cefe0113f0 Thread added: 0x000001ced1d4ce80
Event: 10.630 Thread 0x000001ced1d4ce80 Thread exited: 0x000001ced1d4ce80
Event: 11.131 Thread 0x000001ced1d4e9c0 Thread added: 0x000001ced1d4ce80
Event: 11.592 Thread 0x000001ced1d4dc20 Thread added: 0x000001cefebd9620
Event: 12.361 Thread 0x000001cefebd9620 Thread exited: 0x000001cefebd9620
Event: 12.361 Thread 0x000001ced1d4ce80 Thread exited: 0x000001ced1d4ce80
Event: 12.479 Thread 0x000001cef9227940 Thread added: 0x000001cefebd8f50
Event: 12.508 Thread 0x000001cefe0263e0 Thread added: 0x000001cefebd81b0
Event: 13.000 Thread 0x000001cefebd81b0 Thread exited: 0x000001cefebd81b0
Event: 13.340 Thread 0x000001cefebd8f50 Thread exited: 0x000001cefebd8f50
Event: 13.839 Thread 0x000001cef9227940 Thread added: 0x000001cefebd9620
Event: 14.322 Thread 0x000001cefebd9620 Thread exited: 0x000001cefebd9620
Event: 16.151 Thread 0x000001ceff9e6f50 Thread added: 0x000001ced323d4b0
Event: 16.152 Thread 0x000001ceff9e6f50 Thread added: 0x000001ced3240fc0
Event: 16.311 Thread 0x000001ceff9e6f50 Thread added: 0x000001ced32402a0
Event: 16.484 Thread 0x000001cefe0263e0 Thread added: 0x000001ced4327aa0
Event: 16.933 Thread 0x000001ceff9e6f50 Thread added: 0x000001ced3242370
Event: 17.519 Thread 0x000001cefe0263e0 Thread added: 0x000001cefebd9cf0


Dynamic libraries:
0x00007ff712640000 - 0x00007ff71264e000 	C:\Users\nejii\.vscode\extensions\redhat.java-1.54.0-win32-x64\jre\21.0.10-win32-x86_64\bin\java.exe
0x00007ffff3000000 - 0x00007ffff3266000 	C:\WINDOWS\SYSTEM32\ntdll.dll
0x00007ffff19e0000 - 0x00007ffff1aa9000 	C:\WINDOWS\System32\KERNEL32.DLL
0x00007ffff06d0000 - 0x00007ffff0aca000 	C:\WINDOWS\System32\KERNELBASE.dll
0x00007fffecd90000 - 0x00007fffece30000 	C:\WINDOWS\SYSTEM32\apphelp.dll
0x00007ffff0290000 - 0x00007ffff03dc000 	C:\WINDOWS\System32\ucrtbase.dll
0x00007fffe7910000 - 0x00007fffe792e000 	C:\Users\nejii\.vscode\extensions\redhat.java-1.54.0-win32-x64\jre\21.0.10-win32-x86_64\bin\VCRUNTIME140.dll
0x00007fffe9480000 - 0x00007fffe9498000 	C:\Users\nejii\.vscode\extensions\redhat.java-1.54.0-win32-x64\jre\21.0.10-win32-x86_64\bin\jli.dll
0x00007ffff1ab0000 - 0x00007ffff1c77000 	C:\WINDOWS\System32\USER32.dll
0x00007ffff05f0000 - 0x00007ffff0617000 	C:\WINDOWS\System32\win32u.dll
0x00007ffff1600000 - 0x00007ffff162b000 	C:\WINDOWS\System32\GDI32.dll
0x00007fffd4d60000 - 0x00007fffd4ff2000 	C:\WINDOWS\WinSxS\amd64_microsoft.windows.common-controls_6595b64144ccf1df_6.0.26100.8521_none_3e08b75ce33403b3\COMCTL32.dll
0x00007ffff0c40000 - 0x00007ffff0d6b000 	C:\WINDOWS\System32\gdi32full.dll
0x00007ffff20a0000 - 0x00007ffff2149000 	C:\WINDOWS\System32\msvcrt.dll
0x00007ffff0b90000 - 0x00007ffff0c33000 	C:\WINDOWS\System32\msvcp_win.dll
0x00007ffff2990000 - 0x00007ffff29c2000 	C:\WINDOWS\System32\IMM32.DLL
0x00007fffecd20000 - 0x00007fffecd2c000 	C:\Users\nejii\.vscode\extensions\redhat.java-1.54.0-win32-x64\jre\21.0.10-win32-x86_64\bin\vcruntime140_1.dll
0x00007fffc5290000 - 0x00007fffc531d000 	C:\Users\nejii\.vscode\extensions\redhat.java-1.54.0-win32-x64\jre\21.0.10-win32-x86_64\bin\msvcp140.dll
0x00007fff5e760000 - 0x00007fff5f501000 	C:\Users\nejii\.vscode\extensions\redhat.java-1.54.0-win32-x64\jre\21.0.10-win32-x86_64\bin\server\jvm.dll
0x00007ffff10a0000 - 0x00007ffff1156000 	C:\WINDOWS\System32\ADVAPI32.dll
0x00007ffff28e0000 - 0x00007ffff298a000 	C:\WINDOWS\System32\sechost.dll
0x00007ffff1450000 - 0x00007ffff1568000 	C:\WINDOWS\System32\RPCRT4.dll
0x00007ffff1c80000 - 0x00007ffff1d00000 	C:\WINDOWS\System32\WS2_32.dll
0x00007fffefb80000 - 0x00007fffefbde000 	C:\WINDOWS\SYSTEM32\POWRPROF.dll
0x00007fffe0bd0000 - 0x00007fffe0c06000 	C:\WINDOWS\SYSTEM32\WINMM.dll
0x00007fffe9770000 - 0x00007fffe977b000 	C:\WINDOWS\SYSTEM32\VERSION.dll
0x00007fffefb60000 - 0x00007fffefb74000 	C:\WINDOWS\SYSTEM32\UMPDC.dll
0x00007fffeeff0000 - 0x00007fffef00b000 	C:\WINDOWS\SYSTEM32\kernel.appcore.dll
0x00007fffea940000 - 0x00007fffea94a000 	C:\Users\nejii\.vscode\extensions\redhat.java-1.54.0-win32-x64\jre\21.0.10-win32-x86_64\bin\jimage.dll
0x00007fffed850000 - 0x00007fffeda92000 	C:\WINDOWS\SYSTEM32\DBGHELP.DLL
0x00007ffff1d10000 - 0x00007ffff2093000 	C:\WINDOWS\System32\combase.dll
0x00007ffff0fc0000 - 0x00007ffff1099000 	C:\WINDOWS\System32\OLEAUT32.dll
0x00007fffeaa30000 - 0x00007fffeaa6b000 	C:\WINDOWS\SYSTEM32\dbgcore.DLL
0x00007ffff0620000 - 0x00007ffff06c8000 	C:\WINDOWS\System32\bcryptPrimitives.dll
0x00007fffecd10000 - 0x00007fffecd1f000 	C:\Users\nejii\.vscode\extensions\redhat.java-1.54.0-win32-x64\jre\21.0.10-win32-x86_64\bin\instrument.dll
0x00007fffe2e30000 - 0x00007fffe2e50000 	C:\Users\nejii\.vscode\extensions\redhat.java-1.54.0-win32-x64\jre\21.0.10-win32-x86_64\bin\java.dll
0x00007ffff2150000 - 0x00007ffff28d4000 	C:\WINDOWS\System32\SHELL32.dll
0x00007fffede20000 - 0x00007fffee6a0000 	C:\WINDOWS\SYSTEM32\windows.storage.dll
0x00007ffff1160000 - 0x00007ffff1256000 	C:\WINDOWS\System32\SHCORE.dll
0x00007ffff1570000 - 0x00007ffff15d7000 	C:\WINDOWS\System32\shlwapi.dll
0x00007ffff01b0000 - 0x00007ffff01d9000 	C:\WINDOWS\SYSTEM32\profapi.dll
0x00007fffe2d80000 - 0x00007fffe2d98000 	C:\Users\nejii\.vscode\extensions\redhat.java-1.54.0-win32-x64\jre\21.0.10-win32-x86_64\bin\zip.dll
0x00007fffe7f20000 - 0x00007fffe7f30000 	C:\Users\nejii\.vscode\extensions\redhat.java-1.54.0-win32-x64\jre\21.0.10-win32-x86_64\bin\net.dll
0x00007fffe86d0000 - 0x00007fffe87f9000 	C:\WINDOWS\SYSTEM32\WINHTTP.dll
0x00007fffef590000 - 0x00007fffef5fc000 	C:\WINDOWS\system32\mswsock.dll
0x00007fffe2c50000 - 0x00007fffe2c66000 	C:\Users\nejii\.vscode\extensions\redhat.java-1.54.0-win32-x64\jre\21.0.10-win32-x86_64\bin\nio.dll
0x00007fffe9540000 - 0x00007fffe9550000 	C:\Users\nejii\.vscode\extensions\redhat.java-1.54.0-win32-x64\jre\21.0.10-win32-x86_64\bin\verify.dll
0x00007fffc63c0000 - 0x00007fffc63e7000 	C:\Users\nejii\.gradle\native\68d5fa5c4cc2d200863cafc0d521ce42e7d3e7ee720ec0a83991735586a16f82\windows-amd64\native-platform.dll
0x00007fff4f3a0000 - 0x00007fff4f4e4000 	C:\Users\nejii\.gradle\native\e376f236ea51e6404a007f0833ffe2c6e607c4080706a723a18a27aeea778392\windows-amd64\native-platform-file-events.dll
0x00007fffafc80000 - 0x00007fffafc8a000 	C:\Users\nejii\.vscode\extensions\redhat.java-1.54.0-win32-x64\jre\21.0.10-win32-x86_64\bin\management.dll
0x00007fffaeb30000 - 0x00007fffaeb3c000 	C:\Users\nejii\.vscode\extensions\redhat.java-1.54.0-win32-x64\jre\21.0.10-win32-x86_64\bin\management_ext.dll
0x00007ffff2fb0000 - 0x00007ffff2fb8000 	C:\WINDOWS\System32\PSAPI.DLL
0x00007fffef870000 - 0x00007fffef88b000 	C:\WINDOWS\SYSTEM32\CRYPTSP.dll
0x00007fffeef50000 - 0x00007fffeef89000 	C:\WINDOWS\system32\rsaenh.dll
0x00007fffef640000 - 0x00007fffef673000 	C:\WINDOWS\SYSTEM32\USERENV.dll
0x00007ffff0180000 - 0x00007ffff01aa000 	C:\WINDOWS\SYSTEM32\bcrypt.dll
0x00007fffef890000 - 0x00007fffef89c000 	C:\WINDOWS\SYSTEM32\CRYPTBASE.dll
0x00007fffee9d0000 - 0x00007fffeea03000 	C:\WINDOWS\SYSTEM32\IPHLPAPI.DLL
0x00007ffff12e0000 - 0x00007ffff12ea000 	C:\WINDOWS\System32\NSI.dll
0x00007fffe2dd0000 - 0x00007fffe2dd9000 	C:\Users\nejii\.vscode\extensions\redhat.java-1.54.0-win32-x64\jre\21.0.10-win32-x86_64\bin\extnet.dll
0x00007fffe2df0000 - 0x00007fffe2dfe000 	C:\Users\nejii\.vscode\extensions\redhat.java-1.54.0-win32-x64\jre\21.0.10-win32-x86_64\bin\sunmscapi.dll
0x00007ffff03e0000 - 0x00007ffff0558000 	C:\WINDOWS\System32\CRYPT32.dll
0x00007fffefb20000 - 0x00007fffefb50000 	C:\WINDOWS\SYSTEM32\ncrypt.dll
0x00007fffefad0000 - 0x00007fffefb0f000 	C:\WINDOWS\SYSTEM32\NTASN1.dll
0x00007fffd7a80000 - 0x00007fffd7a88000 	C:\WINDOWS\system32\wshunix.dll

JVMTI agents:
C:\Users\nejii\.gradle\wrapper\dists\gradle-8.3-all\6en3ugtfdg5xnpx44z4qbwgas\gradle-8.3\lib\agents\gradle-instrumentation-agent-8.3.jar path:C:\Users\nejii\.vscode\extensions\redhat.java-1.54.0-win32-x64\jre\21.0.10-win32-x86_64\bin\instrument.dll, loaded, initialized, instrumentlib options:none

dbghelp: loaded successfully - version: 4.0.5 - missing functions: none
symbol engine: initialized successfully - sym options: 0x614 - pdb path: .;C:\Users\nejii\.vscode\extensions\redhat.java-1.54.0-win32-x64\jre\21.0.10-win32-x86_64\bin;C:\WINDOWS\SYSTEM32;C:\WINDOWS\WinSxS\amd64_microsoft.windows.common-controls_6595b64144ccf1df_6.0.26100.8521_none_3e08b75ce33403b3;C:\Users\nejii\.vscode\extensions\redhat.java-1.54.0-win32-x64\jre\21.0.10-win32-x86_64\bin\server;C:\Users\nejii\.gradle\native\68d5fa5c4cc2d200863cafc0d521ce42e7d3e7ee720ec0a83991735586a16f82\windows-amd64;C:\Users\nejii\.gradle\native\e376f236ea51e6404a007f0833ffe2c6e607c4080706a723a18a27aeea778392\windows-amd64

VM Arguments:
jvm_args: -XX:MaxMetaspaceSize=2G -XX:+HeapDumpOnOutOfMemoryError --add-opens=java.base/java.util=ALL-UNNAMED --add-opens=java.base/java.lang=ALL-UNNAMED --add-opens=java.base/java.lang.invoke=ALL-UNNAMED --add-opens=java.prefs/java.util.prefs=ALL-UNNAMED --add-opens=java.base/java.nio.charset=ALL-UNNAMED --add-opens=java.base/java.net=ALL-UNNAMED --add-opens=java.base/java.util.concurrent.atomic=ALL-UNNAMED -Xmx4G -Dfile.encoding=utf8 -Duser.country=FR -Duser.language=fr -Duser.variant -javaagent:C:\Users\nejii\.gradle\wrapper\dists\gradle-8.3-all\6en3ugtfdg5xnpx44z4qbwgas\gradle-8.3\lib\agents\gradle-instrumentation-agent-8.3.jar 
java_command: org.gradle.launcher.daemon.bootstrap.GradleDaemon 8.3
java_class_path (initial): C:\Users\nejii\.gradle\wrapper\dists\gradle-8.3-all\6en3ugtfdg5xnpx44z4qbwgas\gradle-8.3\lib\gradle-launcher-8.3.jar
Launcher Type: SUN_STANDARD

[Global flags]
     intx CICompilerCount                          = 12                                        {product} {ergonomic}
     uint ConcGCThreads                            = 3                                         {product} {ergonomic}
     uint G1ConcRefinementThreads                  = 13                                        {product} {ergonomic}
   size_t G1HeapRegionSize                         = 2097152                                   {product} {ergonomic}
    uintx GCDrainStackTargetSize                   = 64                                        {product} {ergonomic}
     bool HeapDumpOnOutOfMemoryError               = true                                   {manageable} {command line}
   size_t InitialHeapSize                          = 264241152                                 {product} {ergonomic}
   size_t MarkStackSize                            = 4194304                                   {product} {ergonomic}
   size_t MaxHeapSize                              = 4294967296                                {product} {command line}
   size_t MaxMetaspaceSize                         = 2147483648                                {product} {command line}
   size_t MaxNewSize                               = 2575302656                                {product} {ergonomic}
   size_t MinHeapDeltaBytes                        = 2097152                                   {product} {ergonomic}
   size_t MinHeapSize                              = 8388608                                   {product} {ergonomic}
    uintx NonNMethodCodeHeapSize                   = 7602480                                {pd product} {ergonomic}
    uintx NonProfiledCodeHeapSize                  = 122027880                              {pd product} {ergonomic}
    uintx ProfiledCodeHeapSize                     = 122027880                              {pd product} {ergonomic}
    uintx ReservedCodeCacheSize                    = 251658240                              {pd product} {ergonomic}
     bool SegmentedCodeCache                       = true                                      {product} {ergonomic}
   size_t SoftMaxHeapSize                          = 4294967296                             {manageable} {ergonomic}
     bool UseCompressedOops                        = true                           {product lp64_product} {ergonomic}
     bool UseG1GC                                  = true                                      {product} {ergonomic}
     bool UseLargePagesIndividualAllocation        = false                                  {pd product} {ergonomic}

Logging:
Log output configuration:
 #0: stdout all=warning uptime,level,tags foldmultilines=false
 #1: stderr all=off uptime,level,tags foldmultilines=false

Release file:
JAVA_VERSION="21.0.10" 
MODULES="java.base java.compiler java.datatransfer java.xml java.prefs java.desktop java.instrument java.logging java.management java.security.sasl java.naming java.rmi java.management.rmi java.net.http java.scripting java.security.jgss java.transaction.xa java.sql java.sql.rowset java.xml.crypto java.se java.smartcardio jdk.accessibility jdk.internal.jvmstat jdk.attach jdk.charsets jdk.internal.opt jdk.zipfs jdk.compiler jdk.crypto.ec jdk.crypto.cryptoki jdk.crypto.mscapi jdk.dynalink jdk.internal.ed jdk.editpad jdk.hotspot.agent jdk.httpserver jdk.internal.le jdk.internal.vm.ci jdk.internal.vm.compiler jdk.internal.vm.compiler.management jdk.jartool jdk.javadoc jdk.jcmd jdk.management jdk.management.agent jdk.jconsole jdk.jdeps jdk.jdwp.agent jdk.jdi jdk.jfr jdk.jshell jdk.jsobject jdk.jstatd jdk.localedata jdk.management.jfr jdk.naming.dns jdk.naming.rmi jdk.net jdk.nio.mapmode jdk.random jdk.sctp jdk.security.auth jdk.security.jgss jdk.unsupported jdk.unsupported.desktop jdk.xml.dom" 

Environment Variables:
PATH=C:\Windows\system32;C:\flutter\bin;C:\Windows;C:\Windows\System32\Wbem;C:\Windows\System32\WindowsPowerShell\v1.0\;C:\Windows\System32\OpenSSH\;C:\Program Files (x86)\NVIDIA Corporation\PhysX\Common;C:\Program Files\NVIDIA Corporation\NVIDIA NvDLISR;C:\WINDOWS\system32;C:\WINDOWS;C:\WINDOWS\System32\Wbem;C:\WINDOWS\System32\WindowsPowerShell\v1.0\;C:\WINDOWS\System32\OpenSSH\;C:\Android\platform-tools;C:\Program Files\nodejs\;C:\flutter\bin;C:\flutter_mobile\bin;C:\flutter_dashboard_3_19_3\bin;C:\Program Files\Git\cmd;C:\Users\nejii\.jdks\ms-17.0.17\bin;C:\Program Files\Eclipse Adoptium\jdk-17.0.18.8-hotspot\bin;C:\Users\nejii\AppData\Local\Pub\Cache\bin;C:\Program Files\PostgreSQL\18\bin;C:\Windows\system32;C:\flutter\bin;C:\Windows;C:\Windows\System32\Wbem;C:\Windows\System32\WindowsPowerShell\v1.0\;C:\Windows\System32\OpenSSH\;C:\Program Files (x86)\NVIDIA Corporation\PhysX\Common;C:\Program Files\NVIDIA Corporation\NVIDIA NvDLISR;C:\WINDOWS\system32;C:\WINDOWS;C:\WINDOWS\System32\Wbem;C:\WINDOWS\System32\WindowsPowerShell\v1.0\;C:\WINDOWS\System32\OpenSSH\;C:\Android\platform-tools;C:\Program Files\nodejs\;C:\flutter\bin;C:\flutter_dashboard_3_19_3\bin;C:\flutter_mobile\bin;C:\Program Files\Git\cmd;C:\Users\nejii\.jdks\ms-17.0.17\bin;C:\Program Files\Eclipse Adoptium\jdk-17.0.18.8-hotspot\bin;C:\Users\nejii\AppData\Local\Pub\Cache\bin;C:\Users\nejii\AppData\Local\Microsoft\WindowsApps;C:\Users\nejii\AppData\Roaming\npm;C:\Users\nejii\AppData\Local\Programs\Microsoft VS Code\bin;C:\Users\nejii\AppData\Local\Programs\Antigravity\bin;C:\Users\nejii\AppData\Local\Python\bin;
USERNAME=nejii
OS=Windows_NT
PROCESSOR_IDENTIFIER=Intel64 Family 6 Model 154 Stepping 3, GenuineIntel
TMP=C:\Users\nejii\AppData\Local\Temp
TEMP=C:\Users\nejii\AppData\Local\Temp




Periodic native trim disabled

---------------  S Y S T E M  ---------------

OS:
 Windows 11 , 64 bit Build 26100 (10.0.26100.8521)
OS uptime: 1 days 3:45 hours
Hyper-V role detected

CPU: total 16 (initial active 16) (8 cores per cpu, 2 threads per core) family 6 model 154 stepping 3 microcode 0x424, cx8, cmov, fxsr, ht, mmx, 3dnowpref, sse, sse2, sse3, ssse3, sse4.1, sse4.2, popcnt, lzcnt, tsc, tscinvbit, avx, avx2, aes, erms, clmul, bmi1, bmi2, adx, sha, fma, vzeroupper, clflush, clflushopt, clwb, hv, serialize, rdtscp, rdpid, fsrm, f16c, cet_ibt, cet_ss
Processor Information for processor 0
  Max Mhz: 2300, Current Mhz: 2300, Mhz Limit: 2300
Processor Information for processor 1
  Max Mhz: 2300, Current Mhz: 2300, Mhz Limit: 2300
Processor Information for processor 2
  Max Mhz: 2300, Current Mhz: 2300, Mhz Limit: 2300
Processor Information for processor 3
  Max Mhz: 2300, Current Mhz: 2300, Mhz Limit: 2300
Processor Information for processor 4
  Max Mhz: 2300, Current Mhz: 2300, Mhz Limit: 2300
Processor Information for processor 5
  Max Mhz: 2300, Current Mhz: 2300, Mhz Limit: 2300
Processor Information for processor 6
  Max Mhz: 2300, Current Mhz: 2300, Mhz Limit: 2300
Processor Information for processor 7
  Max Mhz: 2300, Current Mhz: 2300, Mhz Limit: 2300
Processor Information for processor 8
  Max Mhz: 2300, Current Mhz: 2300, Mhz Limit: 2300
Processor Information for processor 9
  Max Mhz: 2300, Current Mhz: 2300, Mhz Limit: 2300
Processor Information for processor 10
  Max Mhz: 2300, Current Mhz: 2300, Mhz Limit: 2300
Processor Information for processor 11
  Max Mhz: 2300, Current Mhz: 2300, Mhz Limit: 2300
Processor Information for processor 12
  Max Mhz: 2300, Current Mhz: 2300, Mhz Limit: 2300
Processor Information for processor 13
  Max Mhz: 2300, Current Mhz: 1488, Mhz Limit: 2300
Processor Information for processor 14
  Max Mhz: 2300, Current Mhz: 2300, Mhz Limit: 2300
Processor Information for processor 15
  Max Mhz: 2300, Current Mhz: 2300, Mhz Limit: 2300

Memory: 4k page, system-wide physical 16087M (752M free)
TotalPageFile size 32784M (AvailPageFile size 86M)
current process WorkingSet (physical memory assigned to process): 417M, peak: 429M
current process commit charge ("private bytes"): 461M, peak: 475M

vm_info: OpenJDK 64-Bit Server VM (21.0.10+7-LTS) for windows-amd64 JRE (21.0.10+7-LTS), built on 2026-01-20T00:00:00Z by "admin" with MS VC++ 17.12 (VS2022)

END.
